<?xml version="1.0" encoding="UTF-8"?>
<testsuite xmlns:xsi="http://www.w3.org/2001/XMLSchema-instance" xsi:noNamespaceSchemaLocation="https://maven.apache.org/surefire/maven-surefire-plugin/xsd/surefire-test-report-3.0.xsd" version="3.0" name="CalculatorIntegrationTest" time="4.073" tests="3" errors="0" skipped="0" failures="0">
  <properties>
[...]
</properties>
  <testcase name="testSharedStack" classname="CalculatorIntegrationTest" time="0.041">
    <system-out><![CDATA[Integration test server started on port 1099
Server startup completed
Testing multiple clients sharing the same stack
Client 0 pushed the value 41
Client 0 pushed the value 70
Client 0 pushed the value 48
Client 0 pushed the value 83
Client 0 pushed the value 27
Client 1 pushed the value 7
Client 1 pushed the value 36
Client 1 pushed the value 92
Client 1 pushed the value 49
Client 1 pushed the value 43
Client 2 pushed the value 48
Client 2 pushed the value 14
Client 2 pushed the value 68
Client 2 pushed the value 47
Client 2 pushed the value 33
Multi client shared stack test completed successfully
]]></system-out>
  </testcase>
  <testcase name="testClientServerConnection" classname="CalculatorIntegrationTest" time="0.003">
    <system-out><![CDATA[Testing client server connection
Client server test completed successfully
]]></system-out>
  </testcase>
  <testcase name="testConcurrentDelayPop" classname="CalculatorIntegrationTest" time="2.018">
    <system-out><![CDATA[Testing concurrent delayPop operations
Client 1 delayPop returned: 200 after 1006ms
Client 2 delayPop returned 100 after 1506milliseconds
Total test time: 2012milliseconds
Concurrent delayPop test completed successfully
]]></system-out>
  </testcase>
</testsuite>